2020/07/21 23:29:34 http://2ch.hk up
2020/07/21 23:29:34 https://ya.ru up
2020/07/21 23:29:34 http://akbars.tech/ down
2020/07/21 23:29:49 http://2ch.hk up
2020/07/21 23:29:49 https://ya.ru up
2020/07/21 23:29:49 http://akbars.tech/ down
2020/07/21 23:30:04 http://2ch.hk up
2020/07/21 23:30:04 https://ya.ru up
2020/07/21 23:30:04 http://akbars.tech/ down
2021/08/30 23:17:13 http://2ch.hk up
2021/08/30 23:17:13 https://ya.ru up
2021/08/30 23:18:26 http://2ch.hk up
2021/08/30 23:18:27 https://ya.ru up
2021/08/30 23:18:41 http://2ch.hk up
2021/08/30 23:18:41 https://ya.ru up
2021/08/30 23:18:56 http://2ch.hk up
2021/08/30 23:18:56 https://ya.ru up
2021/08/30 23:19:11 http://2ch.hk up
2021/08/30 23:19:11 https://ya.ru up
2021/08/30 23:19:26 http://2ch.hk up
2021/08/30 23:19:27 https://ya.ru up
2021/08/30 23:19:41 http://2ch.hk up
2021/08/30 23:19:41 https://ya.ru up
2021/08/30 23:19:56 http://2ch.hk up
2021/08/30 23:19:56 https://ya.ru up
2021/08/30 23:20:11 http://2ch.hk up
2021/08/30 23:20:11 https://ya.ru up
2021/08/30 23:20:26 http://2ch.hk up
2021/08/30 23:20:27 https://ya.ru up
2021/08/30 23:20:41 http://2ch.hk up
2021/08/30 23:20:42 https://ya.ru up
2021/08/30 23:20:56 http://2ch.hk up
2021/08/30 23:20:57 https://ya.ru up
2021/08/30 23:21:11 http://2ch.hk up
2021/08/30 23:21:12 https://ya.ru up
2021/08/30 23:21:26 http://2ch.hk up
2021/08/30 23:21:27 https://ya.ru up
2021/08/30 23:21:41 http://2ch.hk up
2021/08/30 23:21:42 https://ya.ru up
2021/08/30 23:21:56 http://2ch.hk up
2021/08/30 23:21:56 https://ya.ru up
2021/08/30 23:22:11 http://2ch.hk up
2021/08/30 23:22:12 https://ya.ru up
2021/08/30 23:22:26 http://2ch.hk up
2021/08/30 23:22:27 https://ya.ru up
2021/08/30 23:22:41 http://2ch.hk up
2021/08/30 23:22:42 https://ya.ru up
2021/08/30 23:22:56 http://2ch.hk up
2021/08/30 23:22:57 https://ya.ru up
2021/08/30 23:23:11 http://2ch.hk up
2021/08/30 23:23:11 https://ya.ru up
2021/08/30 23:23:26 http://2ch.hk up
2021/08/30 23:23:27 https://ya.ru up
2021/08/30 23:23:41 http://2ch.hk up
2021/08/30 23:23:41 https://ya.ru up
2021/08/30 23:23:56 http://2ch.hk up
2021/08/30 23:23:57 https://ya.ru up
2021/08/30 23:24:11 http://2ch.hk up
2021/08/30 23:24:12 https://ya.ru up
2021/08/30 23:24:26 http://2ch.hk up
2021/08/30 23:24:27 https://ya.ru up
2021/08/30 23:24:41 http://2ch.hk up
2021/08/30 23:24:42 https://ya.ru up
2021/08/30 23:45:14 https://ya.ru up
2021/08/30 23:45:29 Authorized on account bulatsir_test_bot
2021/08/30 23:45:29 send message to -1001538037685
2021/08/30 23:45:29 https://ya.ru up
